<?xml version="1.0" encoding="UTF-8"?>
<!-- Generated by org.testng.reporters.JUnitXMLReporter -->
<testsuite ignored="0" hostname="DESKTOP-D5JILAE" failures="0" tests="4" name="Surefire test" time="0.076" errors="0" timestamp="2024-06-04T00:54:57 IST">
  <testcase classname="com.qa.Base.Testbase" name="@BeforeClass setup" time="-1.717442697889E9">
    <failure type="org.testng.TestNGException" message="
Parameter &amp;apos;Browser&amp;apos; is required by BeforeClass on method setup but has not been marked @Optional or defined
">
      <![CDATA[org.testng.TestNGException: 
Parameter 'Browser' is required by BeforeClass on method setup but has not been marked @Optional or defined

at java.base/java.util.ArrayList.forEach(ArrayList.java:1596)
... Removed 27 stack frames]]>
    </failure>
  </testcase> <!-- @BeforeClass setup -->
  <testcase classname="com.qa.Base.Testbase" name="@AfterClass tearDown" time="0.0">
    <skipped/>
  </testcase> <!-- @AfterClass tearDown -->
  <testcase classname="com.qa.Testscripts.SitaTest" name="Sita_Home_page" time="0.0">
    <skipped/>
  </testcase> <!-- Sita_Home_page -->
  <testcase classname="com.qa.Testscripts.SitaTest" name="Explore_more" time="0.0">
    <skipped/>
  </testcase> <!-- Explore_more -->
  <testcase classname="com.qa.Testscripts.SitaTest" name="Explore_more_page" time="0.0">
    <skipped/>
  </testcase> <!-- Explore_more_page -->
  <testcase classname="com.qa.Testscripts.SitaTest" name="Reservation_page" time="0.0">
    <skipped/>
  </testcase> <!-- Reservation_page -->
</testsuite> <!-- Surefire test -->
